  Engine_Start.cpp
  Engine_Initialize.cpp
  Engine_Runtime.cpp
  Start.cpp
  Generating Code...
sfml-graphics-s-d.lib(RenderTarget.cpp.obj) : error LNK2019: unresolved external symbol _glBlendFunc@8 referenced in function "private: void __thiscall sf::RenderTarget::applyBlendMode(struct sf::BlendMode const &)" (?applyBlendMode@RenderTarget@sf@@AAEXABUBlendMode@2@@Z)
sfml-graphics-s-d.lib(RenderTarget.cpp.obj) : error LNK2019: unresolved external symbol _glClear@4 referenced in function "public: void __thiscall sf::RenderTarget::clear(class sf::Color const &)" (?clear@RenderTarget@sf@@QAEXABVColor@2@@Z)
sfml-graphics-s-d.lib(RenderTarget.cpp.obj) : error LNK2019: unresolved external symbol _glClearColor@16 referenced in function "public: void __thiscall sf::RenderTarget::clear(class sf::Color const &)" (?clear@RenderTarget@sf@@QAEXABVColor@2@@Z)
sfml-graphics-s-d.lib(RenderTarget.cpp.obj) : error LNK2019: unresolved external symbol _glDisable@4 referenced in function "public: void __thiscall sf::RenderTarget::resetGLStates(void)" (?resetGLStates@RenderTarget@sf@@QAEXXZ)
sfml-graphics-s-d.lib(RenderTarget.cpp.obj) : error LNK2019: unresolved external symbol _glEnable@4 referenced in function "public: void __thiscall sf::RenderTarget::resetGLStates(void)" (?resetGLStates@RenderTarget@sf@@QAEXXZ)
sfml-graphics-s-d.lib(RenderTarget.cpp.obj) : error LNK2019: unresolved external symbol _glGetError@0 referenced in function "public: void __thiscall sf::RenderTarget::pushGLStates(void)" (?pushGLStates@RenderTarget@sf@@QAEXXZ)
sfml-graphics-s-d.lib(GLExtensions.cpp.obj) : error LNK2001: unresolved external symbol _glGetError@0
sfml-graphics-s-d.lib(GLCheck.cpp.obj) : error LNK2001: unresolved external symbol _glGetError@0
sfml-graphics-s-d.lib(RenderTarget.cpp.obj) : error LNK2019: unresolved external symbol _glLoadIdentity@0 referenced in function "public: void __thiscall sf::RenderTarget::resetGLStates(void)" (?resetGLStates@RenderTarget@sf@@QAEXXZ)
sfml-graphics-s-d.lib(Texture.cpp.obj) : error LNK2001: unresolved external symbol _glLoadIdentity@0
sfml-graphics-s-d.lib(RenderTarget.cpp.obj) : error LNK2019: unresolved external symbol _glLoadMatrixf@4 referenced in function "private: void __thiscall sf::RenderTarget::applyCurrentView(void)" (?applyCurrentView@RenderTarget@sf@@AAEXXZ)
sfml-graphics-s-d.lib(Texture.cpp.obj) : error LNK2001: unresolved external symbol _glLoadMatrixf@4
sfml-graphics-s-d.lib(RenderTarget.cpp.obj) : error LNK2019: unresolved external symbol _glMatrixMode@4 referenced in function "public: void __thiscall sf::RenderTarget::pushGLStates(void)" (?pushGLStates@RenderTarget@sf@@QAEXXZ)
sfml-graphics-s-d.lib(Texture.cpp.obj) : error LNK2001: unresolved external symbol _glMatrixMode@4
sfml-graphics-s-d.lib(RenderTarget.cpp.obj) : error LNK2019: unresolved external symbol _glPopAttrib@0 referenced in function "public: void __thiscall sf::RenderTarget::popGLStates(void)" (?popGLStates@RenderTarget@sf@@QAEXXZ)
sfml-graphics-s-d.lib(RenderTarget.cpp.obj) : error LNK2019: unresolved external symbol _glPopMatrix@0 referenced in function "public: void __thiscall sf::RenderTarget::popGLStates(void)" (?popGLStates@RenderTarget@sf@@QAEXXZ)
sfml-graphics-s-d.lib(RenderTarget.cpp.obj) : error LNK2019: unresolved external symbol _glPushAttrib@4 referenced in function "public: void __thiscall sf::RenderTarget::pushGLStates(void)" (?pushGLStates@RenderTarget@sf@@QAEXXZ)
sfml-graphics-s-d.lib(RenderTarget.cpp.obj) : error LNK2019: unresolved external symbol _glPushMatrix@0 referenced in function "public: void __thiscall sf::RenderTarget::pushGLStates(void)" (?pushGLStates@RenderTarget@sf@@QAEXXZ)
sfml-graphics-s-d.lib(RenderTarget.cpp.obj) : error LNK2019: unresolved external symbol _glViewport@16 referenced in function "private: void __thiscall sf::RenderTarget::applyCurrentView(void)" (?applyCurrentView@RenderTarget@sf@@AAEXXZ)
sfml-graphics-s-d.lib(RenderTarget.cpp.obj) : error LNK2019: unresolved external symbol _glColorPointer@16 referenced in function "public: void __thiscall sf::RenderTarget::draw(class sf::Vertex const *,unsigned int,enum sf::PrimitiveType,class sf::RenderStates const &)" (?draw@RenderTarget@sf@@QAEXPBVVertex@2@IW4PrimitiveType@2@ABVRenderStates@2@@Z)
sfml-graphics-s-d.lib(RenderTarget.cpp.obj) : error LNK2019: unresolved external symbol _glDisableClientState@4 referenced in function "public: void __thiscall sf::RenderTarget::draw(class sf::Vertex const *,unsigned int,enum sf::PrimitiveType,class sf::RenderStates const &)" (?draw@RenderTarget@sf@@QAEXPBVVertex@2@IW4PrimitiveType@2@ABVRenderStates@2@@Z)
sfml-graphics-s-d.lib(RenderTarget.cpp.obj) : error LNK2019: unresolved external symbol _glDrawArrays@12 referenced in function "private: void __thiscall sf::RenderTarget::drawPrimitives(enum sf::PrimitiveType,unsigned int,unsigned int)" (?drawPrimitives@RenderTarget@sf@@AAEXW4PrimitiveType@2@II@Z)
sfml-graphics-s-d.lib(RenderTarget.cpp.obj) : error LNK2019: unresolved external symbol _glEnableClientState@4 referenced in function "public: void __thiscall sf::RenderTarget::draw(class sf::Vertex const *,unsigned int,enum sf::PrimitiveType,class sf::RenderStates const &)" (?draw@RenderTarget@sf@@QAEXPBVVertex@2@IW4PrimitiveType@2@ABVRenderStates@2@@Z)
sfml-graphics-s-d.lib(RenderTarget.cpp.obj) : error LNK2019: unresolved external symbol _glPopClientAttrib@0 referenced in function "public: void __thiscall sf::RenderTarget::popGLStates(void)" (?popGLStates@RenderTarget@sf@@QAEXXZ)
sfml-graphics-s-d.lib(RenderTarget.cpp.obj) : error LNK2019: unresolved external symbol _glPushClientAttrib@4 referenced in function "public: void __thiscall sf::RenderTarget::pushGLStates(void)" (?pushGLStates@RenderTarget@sf@@QAEXXZ)
sfml-graphics-s-d.lib(RenderTarget.cpp.obj) : error LNK2019: unresolved external symbol _glTexCoordPointer@16 referenced in function "public: void __thiscall sf::RenderTarget::draw(class sf::Vertex const *,unsigned int,enum sf::PrimitiveType,class sf::RenderStates const &)" (?draw@RenderTarget@sf@@QAEXPBVVertex@2@IW4PrimitiveType@2@ABVRenderStates@2@@Z)
sfml-graphics-s-d.lib(RenderTarget.cpp.obj) : error LNK2019: unresolved external symbol _glVertexPointer@16 referenced in function "public: void __thiscall sf::RenderTarget::draw(class sf::Vertex const *,unsigned int,enum sf::PrimitiveType,class sf::RenderStates const &)" (?draw@RenderTarget@sf@@QAEXPBVVertex@2@IW4PrimitiveType@2@ABVRenderStates@2@@Z)
sfml-graphics-s-d.lib(Texture.cpp.obj) : error LNK2019: unresolved external symbol _glFlush@0 referenced in function "public: __thiscall sf::Texture::Texture(class sf::Texture const &)" (??0Texture@sf@@QAE@ABV01@@Z)
sfml-graphics-s-d.lib(Shader.cpp.obj) : error LNK2001: unresolved external symbol _glFlush@0
sfml-graphics-s-d.lib(TextureSaver.cpp.obj) : error LNK2001: unresolved external symbol _glGetIntegerv@8
sfml-graphics-s-d.lib(Texture.cpp.obj) : error LNK2001: unresolved external symbol _glGetIntegerv@8
sfml-graphics-s-d.lib(RenderTextureImplFBO.cpp.obj) : error LNK2001: unresolved external symbol _glGetIntegerv@8
sfml-graphics-s-d.lib(Shader.cpp.obj) : error LNK2001: unresolved external symbol _glGetIntegerv@8
sfml-graphics-s-d.lib(GLExtensions.cpp.obj) : error LNK2001: unresolved external symbol _glGetIntegerv@8
sfml-graphics-s-d.lib(Texture.cpp.obj) : error LNK2019: unresolved external symbol _glGetTexImage@20 referenced in function "public: class sf::Image __thiscall sf::Texture::copyToImage(void)const " (?copyToImage@Texture@sf@@QBE?AVImage@2@XZ)
sfml-graphics-s-d.lib(Texture.cpp.obj) : error LNK2019: unresolved external symbol _glTexImage2D@36 referenced in function "public: bool __thiscall sf::Texture::create(unsigned int,unsigned int)" (?create@Texture@sf@@QAE_NII@Z)
sfml-graphics-s-d.lib(Texture.cpp.obj) : error LNK2019: unresolved external symbol _glTexParameteri@12 referenced in function "public: bool __thiscall sf::Texture::create(unsigned int,unsigned int)" (?create@Texture@sf@@QAE_NII@Z)
sfml-graphics-s-d.lib(Texture.cpp.obj) : error LNK2019: unresolved external symbol _glBindTexture@8 referenced in function "public: bool __thiscall sf::Texture::create(unsigned int,unsigned int)" (?create@Texture@sf@@QAE_NII@Z)
sfml-graphics-s-d.lib(TextureSaver.cpp.obj) : error LNK2001: unresolved external symbol _glBindTexture@8
sfml-graphics-s-d.lib(RenderTextureImplDefault.cpp.obj) : error LNK2001: unresolved external symbol _glBindTexture@8
sfml-graphics-s-d.lib(Texture.cpp.obj) : error LNK2019: unresolved external symbol _glCopyTexSubImage2D@32 referenced in function "public: void __thiscall sf::Texture::update(class sf::Window const &,unsigned int,unsigned int)" (?update@Texture@sf@@QAEXABVWindow@2@II@Z)
sfml-graphics-s-d.lib(RenderTextureImplDefault.cpp.obj) : error LNK2001: unresolved external symbol _glCopyTexSubImage2D@32
sfml-graphics-s-d.lib(Texture.cpp.obj) : error LNK2019: unresolved external symbol _glDeleteTextures@8 referenced in function "public: __thiscall sf::Texture::~Texture(void)" (??1Texture@sf@@QAE@XZ)
sfml-graphics-s-d.lib(Texture.cpp.obj) : error LNK2019: unresolved external symbol _glGenTextures@8 referenced in function "public: bool __thiscall sf::Texture::create(unsigned int,unsigned int)" (?create@Texture@sf@@QAE_NII@Z)
sfml-graphics-s-d.lib(Texture.cpp.obj) : error LNK2019: unresolved external symbol _glTexSubImage2D@36 referenced in function "public: bool __thiscall sf::Texture::loadFromImage(class sf::Image const &,class sf::Rect<int> const &)" (?loadFromImage@Texture@sf@@QAE_NABVImage@2@ABV?$Rect@H@2@@Z)
sfml-graphics-s-d.lib(GLExtensions.cpp.obj) : error LNK2019: unresolved external symbol _glGetString@4 referenced in function "void __cdecl sf::priv::ensureExtensionsInit(void)" (?ensureExtensionsInit@priv@sf@@YAXXZ)
sfml-window-s-d.lib(GlContext.cpp.obj) : error LNK2019: unresolved external symbol __imp__glEnable@4 referenced in function "private: void __thiscall sf::priv::GlContext::initialize(struct sf::ContextSettings const &)" (?initialize@GlContext@priv@sf@@AAEXABUContextSettings@3@@Z)
sfml-window-s-d.lib(GlContext.cpp.obj) : error LNK2019: unresolved external symbol __imp__glGetError@0 referenced in function "public: static void __cdecl sf::priv::GlContext::initResource(void)" (?initResource@GlContext@priv@sf@@SAXXZ)
sfml-window-s-d.lib(GlContext.cpp.obj) : error LNK2019: unresolved external symbol __imp__glGetIntegerv@8 referenced in function "public: static void __cdecl sf::priv::GlContext::initResource(void)" (?initResource@GlContext@priv@sf@@SAXXZ)
sfml-window-s-d.lib(GlContext.cpp.obj) : error LNK2019: unresolved external symbol __imp__glGetString@4 referenced in function "public: static void __cdecl sf::priv::GlContext::initResource(void)" (?initResource@GlContext@priv@sf@@SAXXZ)
sfml-window-s-d.lib(GlContext.cpp.obj) : error LNK2019: unresolved external symbol __imp__glIsEnabled@4 referenced in function "private: void __thiscall sf::priv::GlContext::initialize(struct sf::ContextSettings const &)" (?initialize@GlContext@priv@sf@@AAEXABUContextSettings@3@@Z)
sfml-window-s-d.lib(WglContext.cpp.obj) : error LNK2019: unresolved external symbol __imp__wglCreateContext@4 referenced in function "private: void __thiscall sf::priv::WglContext::createContext(class sf::priv::WglContext *)" (?createContext@WglContext@priv@sf@@AAEXPAV123@@Z)
sfml-window-s-d.lib(WglContext.cpp.obj) : error LNK2019: unresolved external symbol __imp__wglDeleteContext@4 referenced in function "public: virtual __thiscall sf::priv::WglContext::~WglContext(void)" (??1WglContext@priv@sf@@UAE@XZ)
sfml-window-s-d.lib(WglContext.cpp.obj) : error LNK2019: unresolved external symbol __imp__wglGetProcAddress@4 referenced in function "public: static void (__cdecl*__cdecl sf::priv::WglContext::getFunction(char const *))(void)" (?getFunction@WglContext@priv@sf@@SAP6AXXZPBD@Z)
sfml-window-s-d.lib(WglContext.cpp.obj) : error LNK2019: unresolved external symbol __imp__wglMakeCurrent@8 referenced in function "public: virtual __thiscall sf::priv::WglContext::~WglContext(void)" (??1WglContext@priv@sf@@UAE@XZ)
sfml-window-s-d.lib(WglContext.cpp.obj) : error LNK2019: unresolved external symbol __imp__wglShareLists@8 referenced in function "private: void __thiscall sf::priv::WglContext::createContext(class sf::priv::WglContext *)" (?createContext@WglContext@priv@sf@@AAEXPAV123@@Z)
sfml-window-s-d.lib(JoystickImpl.cpp.obj) : error LNK2019: unresolved external symbol __imp__joyGetPosEx@8 referenced in function "public: static bool __cdecl sf::priv::JoystickImpl::isConnected(unsigned int)" (?isConnected@JoystickImpl@priv@sf@@SA_NI@Z)
sfml-window-s-d.lib(JoystickImpl.cpp.obj) : error LNK2019: unresolved external symbol __imp__joyGetDevCapsW@12 referenced in function "public: bool __thiscall sf::priv::JoystickImpl::open(unsigned int)" (?open@JoystickImpl@priv@sf@@QAE_NI@Z)
sfml-system-s-d.lib(SleepImpl.cpp.obj) : error LNK2019: unresolved external symbol __imp__timeGetDevCaps@8 referenced in function "void __cdecl sf::priv::sleepImpl(class sf::Time)" (?sleepImpl@priv@sf@@YAXVTime@2@@Z)
sfml-system-s-d.lib(SleepImpl.cpp.obj) : error LNK2019: unresolved external symbol __imp__timeBeginPeriod@4 referenced in function "void __cdecl sf::priv::sleepImpl(class sf::Time)" (?sleepImpl@priv@sf@@YAXVTime@2@@Z)
sfml-system-s-d.lib(SleepImpl.cpp.obj) : error LNK2019: unresolved external symbol __imp__timeEndPeriod@4 referenced in function "void __cdecl sf::priv::sleepImpl(class sf::Time)" (?sleepImpl@priv@sf@@YAXVTime@2@@Z)
C:\Users\admin\source\repos\WSE2_Launcher\Debug\WSE2_Launcher.exe : fatal error LNK1120: 48 unresolved externals
